<?xml version="1.0" encoding="UTF-8"?>
<robot generator="Robot 7.0 (Python 3.10.12 on linux)" generated="2024-05-15T10:09:56.351804" rpa="false" schemaversion="5">
<suite id="s1" name="Modelo" source="/home/leopaixao/documents/projects/robot-test/tests/modelo.robot">
<test id="s1-t1" name="Cenário 1: Acessando o Site Google" line="24">
<kw name="Abrir Site">
<kw name="Open Browser" owner="SeleniumLibrary">
<msg time="2024-05-15T10:09:56.531435" level="INFO">Opening browser 'chrome' to base url 'https://www.google.com'.</msg>
<arg>${url}</arg>
<arg>browser=chrome</arg>
<doc>Opens a new browser instance to the optional ``url``.</doc>
<status status="PASS" start="2024-05-15T10:09:56.530833" elapsed="3.897267"/>
</kw>
<status status="PASS" start="2024-05-15T10:09:56.529025" elapsed="3.899410"/>
</kw>
<status status="PASS" start="2024-05-15T10:09:56.527802" elapsed="3.901014"/>
</test>
<test id="s1-t2" name="Cenário 2: Pesquisando um assundo no Google" line="27">
<kw name="Abrir Site">
<kw name="Open Browser" owner="SeleniumLibrary">
<msg time="2024-05-15T10:10:00.431617" level="INFO">Opening browser 'chrome' to base url 'https://www.google.com'.</msg>
<arg>${url}</arg>
<arg>browser=chrome</arg>
<doc>Opens a new browser instance to the optional ``url``.</doc>
<status status="PASS" start="2024-05-15T10:10:00.431095" elapsed="3.716559"/>
</kw>
<status status="PASS" start="2024-05-15T10:10:00.430498" elapsed="3.717447"/>
</kw>
<kw name="Pesquisar">
<kw name="Click Element" owner="SeleniumLibrary">
<msg time="2024-05-15T10:10:04.149973" level="INFO">Clicking element 'xpath://textarea[@id='APjFqb']'.</msg>
<arg>xpath://textarea[@id='APjFqb']</arg>
<doc>Click the element identified by ``locator``.</doc>
<status status="PASS" start="2024-05-15T10:10:04.149298" elapsed="0.109659"/>
</kw>
<kw name="Input Text" owner="SeleniumLibrary">
<msg time="2024-05-15T10:10:04.259747" level="INFO">Typing text 'Lionel Messi' into text field 'id:APjFqb'.</msg>
<arg>id:APjFqb</arg>
<arg>${search}</arg>
<doc>Types the given ``text`` into the text field identified by ``locator``.</doc>
<status status="PASS" start="2024-05-15T10:10:04.259332" elapsed="0.142150"/>
</kw>
<kw name="Click Element" owner="SeleniumLibrary">
<msg time="2024-05-15T10:10:04.402145" level="INFO">Clicking element 'css:input.gNO89b'.</msg>
<arg>css:input.gNO89b</arg>
<doc>Click the element identified by ``locator``.</doc>
<status status="PASS" start="2024-05-15T10:10:04.401892" elapsed="0.256145"/>
</kw>
<status status="PASS" start="2024-05-15T10:10:04.148483" elapsed="0.510031"/>
</kw>
<kw name="Validar a Pesquisa">
<kw name="Wait Until Element Is Visible" owner="SeleniumLibrary">
<arg>${result}</arg>
<doc>Waits until the element ``locator`` is visible.</doc>
<status status="PASS" start="2024-05-15T10:10:04.660920" elapsed="1.574043"/>
</kw>
<status status="PASS" start="2024-05-15T10:10:04.659464" elapsed="1.575689"/>
</kw>
<status status="PASS" start="2024-05-15T10:10:00.429501" elapsed="5.805909"/>
</test>
<status status="PASS" start="2024-05-15T10:09:56.352717" elapsed="9.883846"/>
</suite>
<statistics>
<total>
<stat pass="2" fail="0" skip="0">All Tests</stat>
</total>
<tag>
</tag>
<suite>
<stat pass="2" fail="0" skip="0" id="s1" name="Modelo">Modelo</stat>
</suite>
</statistics>
<errors>
</errors>
</robot>
