<?xml version="1.0" encoding="UTF-8"?>
<robot generator="Robot 7.0 (Python 3.10.12 on linux)" generated="2024-05-15T14:12:50.665727" rpa="false" schemaversion="5">
<suite id="s1" name="Modelo" source="/home/leopaixao/documents/projects/robot-test/tests/modelo.robot">
<test id="s1-t1" name="Cenário 1: Tela principal do bugbank" line="16">
<kw name="Fazer login no sistema do bugbank" owner="login" type="SETUP">
<kw name="Open Browser" owner="SeleniumLibrary">
<msg time="2024-05-15T14:12:50.841038" level="INFO">Opening browser 'chrome' to base url 'https://bugbank.netlify.app/'.</msg>
<arg>${url}</arg>
<arg>browser=chrome</arg>
<doc>Opens a new browser instance to the optional ``url``.</doc>
<status status="PASS" start="2024-05-15T14:12:50.840533" elapsed="3.257894"/>
</kw>
<kw name="Input Text" owner="SeleniumLibrary">
<msg time="2024-05-15T14:12:54.099941" level="INFO">Typing text 'leoteste@email.com' into text field 'name:email'.</msg>
<arg>name:email</arg>
<arg>${email}</arg>
<doc>Types the given ``text`` into the text field identified by ``locator``.</doc>
<status status="PASS" start="2024-05-15T14:12:54.098974" elapsed="0.180622"/>
</kw>
<kw name="Input Text" owner="SeleniumLibrary">
<msg time="2024-05-15T14:12:54.280207" level="INFO">Typing text '123456' into text field 'name:password'.</msg>
<arg>name:password</arg>
<arg>${password}</arg>
<doc>Types the given ``text`` into the text field identified by ``locator``.</doc>
<status status="PASS" start="2024-05-15T14:12:54.279888" elapsed="0.135879"/>
</kw>
<kw name="Click Element" owner="SeleniumLibrary">
<msg time="2024-05-15T14:12:54.416981" level="INFO">Clicking element 'class:otUnI'.</msg>
<arg>class:otUnI</arg>
<doc>Click the element identified by ``locator``.</doc>
<status status="PASS" start="2024-05-15T14:12:54.416336" elapsed="0.084610"/>
</kw>
<status status="PASS" start="2024-05-15T14:12:50.839391" elapsed="3.661883"/>
</kw>
<kw name="Test">
<kw name="Log To Console" owner="BuiltIn">
<arg>teste</arg>
<doc>Logs the given message to the console.</doc>
<status status="PASS" start="2024-05-15T14:12:54.502902" elapsed="0.000553"/>
</kw>
<status status="PASS" start="2024-05-15T14:12:54.501942" elapsed="0.002152"/>
</kw>
<status status="PASS" start="2024-05-15T14:12:50.838323" elapsed="3.666618"/>
</test>
<status status="PASS" start="2024-05-15T14:12:50.666875" elapsed="3.846198"/>
</suite>
<statistics>
<total>
<stat pass="1" fail="0" skip="0">All Tests</stat>
</total>
<tag>
</tag>
<suite>
<stat pass="1" fail="0" skip="0" id="s1" name="Modelo">Modelo</stat>
</suite>
</statistics>
<errors>
</errors>
</robot>
